# JRE version: OpenJDK Runtime Environment (21.0.9) (build 21.0.9+-14649483-b1163.86)
# Java VM: OpenJDK 64-Bit Server VM (21.0.9+-14649483-b1163.86, mixed mode, tiered, compressed oops, compressed class ptrs, g1 gc, windows-amd64)
GC Precious Log:
 CardTable entry size: 512
 Card Set container configuration: InlinePtr #cards 4 size 8 Array Of Cards #cards 32 size 80 Howl #buckets 8 coarsen threshold 7372 Howl Bitmap #cards 1024 size 144 coarsen threshold 921 Card regions per heap region 1 cards per card region 8192
 CPUs: 4 total, 4 available
 Memory: 6014M
 Large Page Support: Disabled
 NUMA Support: Disabled
 Compressed Oops: Enabled (Zero based)
 Heap Region Size: 4M
 Heap Min Capacity: 8M
 Heap Initial Capacity: 96M
 Heap Max Capacity: 8G
 Pre-touch: Disabled
 Parallel Workers: 4
 Concurrent Workers: 1
 Concurrent Refinement Workers: 4
 Periodic GC: Disabled
Heap:
 garbage-first heap   total 2023424K, used 378018K [0x0000000600000000, 0x0000000800000000)
  region size 4096K, 1 young (4096K), 1 survivors (4096K)
 Metaspace       used 229637K, committed 232448K, reserved 1310720K
  class space    used 29391K, committed 30784K, reserved 1048576K
GC Heap History (20 events):
Event: 1147.516 GC heap after
{Heap after GC invocations=211 (full 0):
 garbage-first heap   total 1081344K, used 347463K [0x0000000600000000, 0x0000000800000000)
  region size 4096K, 1 young (4096K), 1 survivors (4096K)
 Metaspace       used 216001K, committed 218752K, reserved 1245184K
  class space    used 27672K, committed 29056K, reserved 1048576K
}
Event: 1167.561 GC heap before
{Heap before GC invocations=211 (full 0):
 garbage-first heap   total 1081344K, used 437575K [0x0000000600000000, 0x0000000800000000)
  region size 4096K, 23 young (94208K), 1 survivors (4096K)
 Metaspace       used 216002K, committed 218752K, reserved 1245184K
  class space    used 27672K, committed 29056K, reserved 1048576K
}
Event: 1167.673 GC heap after
{Heap after GC invocations=212 (full 0):
 garbage-first heap   total 1081344K, used 345813K [0x0000000600000000, 0x0000000800000000)
  region size 4096K, 1 young (4096K), 1 survivors (4096K)
 Metaspace       used 216002K, committed 218752K, reserved 1245184K
  class space    used 27672K, committed 29056K, reserved 1048576K
}
Event: 1212.064 GC heap before
{Heap before GC invocations=212 (full 0):
 garbage-first heap   total 1081344K, used 657109K [0x0000000600000000, 0x0000000800000000)
  region size 4096K, 77 young (315392K), 1 survivors (4096K)
 Metaspace       used 222262K, committed 225152K, reserved 1245184K
  class space    used 28486K, committed 29888K, reserved 1048576K
}
Event: 1212.570 GC heap after
{Heap after GC invocations=213 (full 0):
 garbage-first heap   total 1081344K, used 350068K [0x0000000600000000, 0x0000000800000000)
  region size 4096K, 2 young (8192K), 2 survivors (8192K)
 Metaspace       used 222262K, committed 225152K, reserved 1245184K
  class space    used 28486K, committed 29888K, reserved 1048576K
}
Event: 1224.714 GC heap before
{Heap before GC invocations=214 (full 0):
 garbage-first heap   total 1081344K, used 395124K [0x0000000600000000, 0x0000000800000000)
  region size 4096K, 13 young (53248K), 2 survivors (8192K)
 Metaspace       used 225752K, committed 228544K, reserved 1310720K
  class space    used 29060K, committed 30464K, reserved 1048576K
}
Event: 1224.856 GC heap after
{Heap after GC invocations=215 (full 0):
 garbage-first heap   total 1081344K, used 351046K [0x0000000600000000, 0x0000000800000000)
  region size 4096K, 1 young (4096K), 1 survivors (4096K)
 Metaspace       used 225752K, committed 228544K, reserved 1310720K
  class space    used 29060K, committed 30464K, reserved 1048576K
}
Event: 1239.564 GC heap before
{Heap before GC invocations=215 (full 0):
 garbage-first heap   total 1081344K, used 478022K [0x0000000600000000, 0x0000000800000000)
  region size 4096K, 33 young (135168K), 1 survivors (4096K)
 Metaspace       used 229560K, committed 232384K, reserved 1310720K
  class space    used 29390K, committed 30784K, reserved 1048576K
}
Event: 1239.662 GC heap after
{Heap after GC invocations=216 (full 0):
 garbage-first heap   total 1081344K, used 353851K [0x0000000600000000, 0x0000000800000000)
  region size 4096K, 2 young (8192K), 2 survivors (8192K)
 Metaspace       used 229560K, committed 232384K, reserved 1310720K
  class space    used 29390K, committed 30784K, reserved 1048576K
}
Event: 1245.388 GC heap before
{Heap before GC invocations=216 (full 0):
 garbage-first heap   total 1081344K, used 411195K [0x0000000600000000, 0x0000000800000000)
  region size 4096K, 16 young (65536K), 2 survivors (8192K)
 Metaspace       used 229592K, committed 232384K, reserved 1310720K
  class space    used 29390K, committed 30784K, reserved 1048576K
}
Event: 1245.462 GC heap after
{Heap after GC invocations=217 (full 0):
 garbage-first heap   total 1081344K, used 350799K [0x0000000600000000, 0x0000000800000000)
  region size 4096K, 1 young (4096K), 1 survivors (4096K)
 Metaspace       used 229592K, committed 232384K, reserved 1310720K
  class space    used 29390K, committed 30784K, reserved 1048576K
}
Event: 1261.052 GC heap before
{Heap before GC invocations=217 (full 0):
 garbage-first heap   total 1081344K, used 731727K [0x0000000600000000, 0x0000000800000000)
  region size 4096K, 95 young (389120K), 1 survivors (4096K)
 Metaspace       used 229613K, committed 232448K, reserved 1310720K
  class space    used 29390K, committed 30784K, reserved 1048576K
}
Event: 1261.184 GC heap after
{Heap after GC invocations=218 (full 0):
 garbage-first heap   total 1081344K, used 357927K [0x0000000600000000, 0x0000000800000000)
  region size 4096K, 3 young (12288K), 3 survivors (12288K)
 Metaspace       used 229613K, committed 232448K, reserved 1310720K
  class space    used 29390K, committed 30784K, reserved 1048576K
}
Event: 1262.091 GC heap before
{Heap before GC invocations=218 (full 0):
 garbage-first heap   total 1081344K, used 570919K [0x0000000600000000, 0x0000000800000000)
  region size 4096K, 57 young (233472K), 3 survivors (12288K)
 Metaspace       used 229614K, committed 232448K, reserved 1310720K
  class space    used 29391K, committed 30784K, reserved 1048576K
}
Event: 1262.146 GC heap after
{Heap after GC invocations=219 (full 0):
 garbage-first heap   total 1081344K, used 361106K [0x0000000600000000, 0x0000000800000000)
  region size 4096K, 4 young (16384K), 4 survivors (16384K)
 Metaspace       used 229614K, committed 232448K, reserved 1310720K
  class space    used 29391K, committed 30784K, reserved 1048576K
}
Event: 1265.227 GC heap before
{Heap before GC invocations=219 (full 0):
 garbage-first heap   total 1081344K, used 574098K [0x0000000600000000, 0x0000000800000000)
  region size 4096K, 57 young (233472K), 4 survivors (16384K)
 Metaspace       used 229637K, committed 232448K, reserved 1310720K
  class space    used 29391K, committed 30784K, reserved 1048576K
}
Event: 1265.352 GC heap after
{Heap after GC invocations=220 (full 0):
 garbage-first heap   total 1081344K, used 376359K [0x0000000600000000, 0x0000000800000000)
  region size 4096K, 8 young (32768K), 8 survivors (32768K)
 Metaspace       used 229637K, committed 232448K, reserved 1310720K
  class space    used 29391K, committed 30784K, reserved 1048576K
}
Event: 1265.503 GC heap before
{Heap before GC invocations=220 (full 0):
 garbage-first heap   total 1081344K, used 396839K [0x0000000600000000, 0x0000000800000000)
  region size 4096K, 13 young (53248K), 8 survivors (32768K)
 Metaspace       used 229637K, committed 232448K, reserved 1310720K
  class space    used 29391K, committed 30784K, reserved 1048576K
}
Event: 1265.600 GC heap after
{Heap after GC invocations=221 (full 0):
 garbage-first heap   total 1081344K, used 380799K [0x0000000600000000, 0x0000000800000000)
  region size 4096K, 1 young (4096K), 1 survivors (4096K)
 Metaspace       used 229637K, committed 232448K, reserved 1310720K
  class space    used 29391K, committed 30784K, reserved 1048576K
}
Event: 1266.219 GC heap before
{Heap before GC invocations=221 (full 0):
 garbage-first heap   total 1081344K, used 429951K [0x0000000600000000, 0x0000000800000000)
  region size 4096K, 14 young (57344K), 1 survivors (4096K)
 Metaspace       used 229637K, committed 232448K, reserved 1310720K
  class space    used 29391K, committed 30784K, reserved 1048576K
}

